0 info it worked if it ends with ok
1 verbose cli [ '/Users/damathryx/.nvm/versions/node/v7.2.0/bin/node',
1 verbose cli   '/Users/damathryx/.nvm/versions/node/v7.2.0/bin/npm',
1 verbose cli   'install',
1 verbose cli   '--save',
1 verbose cli   'file:../' ]
2 info using npm@3.10.9
3 info using node@v7.2.0
4 silly loadCurrentTree Starting
5 silly install loadCurrentTree
6 silly install readLocalPackageData
7 silly fetchPackageMetaData file:../
8 silly fetchOtherPackageData file:../
9 silly cache add args [ 'file:../', null ]
10 verbose cache add spec file:../
11 silly cache add parsed spec Result {
11 silly cache add   raw: 'file:../',
11 silly cache add   scope: null,
11 silly cache add   escapedName: null,
11 silly cache add   name: null,
11 silly cache add   rawSpec: 'file:../',
11 silly cache add   spec: '/Users/damathryx/Packages',
11 silly cache add   type: 'local' }
12 error addLocal Could not install /Users/damathryx/Packages
13 silly fetchPackageMetaData Error: EISDIR: illegal operation on a directory, read
13 silly fetchPackageMetaData  error for file:../ { Error: EISDIR: illegal operation on a directory, read errno: -21, code: 'EISDIR', syscall: 'read' }
14 silly rollbackFailedOptional Starting
15 silly rollbackFailedOptional Finishing
16 silly runTopLevelLifecycles Finishing
17 silly install printInstalled
18 verbose stack Error: EISDIR: illegal operation on a directory, read
19 verbose cwd /Users/damathryx/Packages/react-native-ios-style-picker
20 error Darwin 16.1.0
21 error argv "/Users/damathryx/.nvm/versions/node/v7.2.0/bin/node" "/Users/damathryx/.nvm/versions/node/v7.2.0/bin/npm" "install" "--save" "file:../"
22 error node v7.2.0
23 error npm  v3.10.9
24 error code EISDIR
25 error errno -21
26 error syscall read
27 error eisdir EISDIR: illegal operation on a directory, read
28 error eisdir This is most likely not a problem with npm itself
28 error eisdir and is related to npm not being able to find a package.json in
28 error eisdir a package you are trying to install.
29 verbose exit [ -21, true ]
